<?xml version="1.0" encoding="utf-8"?><testsuites name="pytest tests"><testsuite name="pytest" errors="0" failures="0" skipped="0" tests="9" time="7.493" timestamp="2026-09-05T13:10:55.208126+00:00" hostname="agent-env-85edb4c8-b227-4af8-b48f-372f851d955e"><testcase classname="backend.tests.test_enquiry_api" name="test_sitemap_ok" time="1.574" /><testcase classname="backend.tests.test_enquiry_api" name="test_robots_preview" time="0.294" /><testcase classname="backend.tests.test_enquiry_api" name="test_page_headers_and_meta[/]" time="2.792" /><testcase classname="backend.tests.test_enquiry_api" name="test_page_headers_and_meta[/ai-solutions]" time="1.003" /><testcase classname="backend.tests.test_enquiry_api" name="test_page_headers_and_meta[/forward-deployed-engineering]" time="0.563" /><testcase classname="backend.tests.test_enquiry_api" name="test_enquiry_validation" time="0.701" /><testcase classname="backend.tests.test_enquiry_api" name="test_enquiry_honeypot" time="0.107" /><testcase classname="backend.tests.test_enquiry_api" name="test_enquiry_timing" time="0.075" /><testcase classname="backend.tests.test_enquiry_api" name="test_enquiry_not_configured_then_rate_limit" time="0.320" /></testsuite></testsuites>